<?xml version="1.0" encoding="UTF-8"?>
<!-- Generated by org.testng.reporters.JUnitXMLReporter -->
<testsuite ignored="0" hostname="DESKTOP-JKR11RL" failures="0" tests="4" name="Test" time="0.115" errors="0" timestamp="2025-06-25T14:31:37 IST">
  <testcase classname="pack1.ContactTest" name="createContactTest" time="0.009"/>
  <testcase classname="pack1.ContactTest" name="modifyContactTest" time="0.002"/>
  <testcase classname="pack2.OrgTest" name="createOrgTest" time="0.001"/>
  <testcase classname="pack2.OrgTest" name="modifyContactTest" time="0.001"/>
</testsuite> <!-- Test -->
