<?xml version="1.0" encoding="UTF-8"?>
<!-- Generated by org.testng.reporters.JUnitXMLReporter -->
<testsuite ignored="0" hostname="DESKTOP-JKR11RL" failures="0" tests="4" name="Test" time="0.085" errors="0" timestamp="2025-06-23T16:15:53 IST">
  <testcase classname="pack1.ContactTest" name="createContactTest" time="0.006"/>
  <testcase classname="pack1.ContactTest" name="modifyContactTest" time="0.0"/>
  <testcase classname="pack2.OrgTest" name="createOrgTest" time="0.001"/>
  <testcase classname="pack2.OrgTest" name="modifyContactTest" time="0.002"/>
</testsuite> <!-- Test -->
