<?xml version="1.0" encoding="UTF-8"?>
<testng-results ignored="0" total="4" passed="4" failed="0" skipped="0">
  <reporter-output>
  </reporter-output>
  <suite started-at="2025-06-25T12:45:06 IST" name="Surefire suite" finished-at="2025-06-25T12:45:06 IST" duration-ms="106">
    <groups>
    </groups>
    <test started-at="2025-06-25T12:45:06 IST" name="Surefire test" finished-at="2025-06-25T12:45:06 IST" duration-ms="106">
      <class name="pack2.OrgTest">
        <test-method signature="createOrgTest()[pri:0, instance:pack2.OrgTest@23986957]" started-at="2025-06-25T12:45:06 IST" name="createOrgTest" finished-at="2025-06-25T12:45:06 IST" duration-ms="2" status="PASS">
          <reporter-output>
          </reporter-output>
        </test-method> <!-- createOrgTest -->
        <test-method signature="modifyContactTest()[pri:0, instance:pack2.OrgTest@23986957]" started-at="2025-06-25T12:45:06 IST" name="modifyContactTest" finished-at="2025-06-25T12:45:06 IST" duration-ms="2" status="PASS">
          <reporter-output>
          </reporter-output>
        </test-method> <!-- modifyContactTest -->
      </class> <!-- pack2.OrgTest -->
      <class name="pack1.ContactTest">
        <test-method signature="createContactTest()[pri:0, instance:pack1.ContactTest@22635ba0]" started-at="2025-06-25T12:45:06 IST" name="createContactTest" finished-at="2025-06-25T12:45:06 IST" duration-ms="8" status="PASS">
          <reporter-output>
          </reporter-output>
        </test-method> <!-- createContactTest -->
        <test-method signature="modifyContactTest()[pri:0, instance:pack1.ContactTest@22635ba0]" started-at="2025-06-25T12:45:06 IST" name="modifyContactTest" finished-at="2025-06-25T12:45:06 IST" duration-ms="1" status="PASS">
          <reporter-output>
          </reporter-output>
        </test-method> <!-- modifyContactTest -->
      </class> <!-- pack1.ContactTest -->
    </test> <!-- Surefire test -->
  </suite> <!-- Surefire suite -->
</testng-results>
