<?xml version="1.0" encoding="UTF-8"?>
<testng-results ignored="0" total="4" passed="4" failed="0" skipped="0">
  <reporter-output>
  </reporter-output>
  <suite started-at="2025-06-23T16:15:53 IST" name="Suite" finished-at="2025-06-23T16:15:53 IST" duration-ms="85">
    <groups>
    </groups>
    <test started-at="2025-06-23T16:15:53 IST" name="Test" finished-at="2025-06-23T16:15:53 IST" duration-ms="85">
      <class name="pack2.OrgTest">
        <test-method signature="createOrgTest()[pri:0, instance:pack2.OrgTest@4c1d9d4b]" started-at="2025-06-23T16:15:53 IST" name="createOrgTest" finished-at="2025-06-23T16:15:53 IST" duration-ms="1" status="PASS">
          <reporter-output>
          </reporter-output>
        </test-method> <!-- createOrgTest -->
        <test-method signature="modifyContactTest()[pri:0, instance:pack2.OrgTest@4c1d9d4b]" started-at="2025-06-23T16:15:53 IST" name="modifyContactTest" finished-at="2025-06-23T16:15:53 IST" duration-ms="2" status="PASS">
          <reporter-output>
          </reporter-output>
        </test-method> <!-- modifyContactTest -->
      </class> <!-- pack2.OrgTest -->
      <class name="pack1.ContactTest">
        <test-method signature="createContactTest()[pri:0, instance:pack1.ContactTest@ec756bd]" started-at="2025-06-23T16:15:53 IST" name="createContactTest" finished-at="2025-06-23T16:15:53 IST" duration-ms="6" status="PASS">
          <reporter-output>
          </reporter-output>
        </test-method> <!-- createContactTest -->
        <test-method signature="modifyContactTest()[pri:0, instance:pack1.ContactTest@ec756bd]" started-at="2025-06-23T16:15:53 IST" name="modifyContactTest" finished-at="2025-06-23T16:15:53 IST" duration-ms="0" status="PASS">
          <reporter-output>
          </reporter-output>
        </test-method> <!-- modifyContactTest -->
      </class> <!-- pack1.ContactTest -->
    </test> <!-- Test -->
  </suite> <!-- Suite -->
</testng-results>
