<?xml version="1.0" encoding="UTF-8"?>
<testsuite xmlns:xsi="http://www.w3.org/2001/XMLSchema-instance" xsi:noNamespaceSchemaLocation="https://maven.apache.org/surefire/maven-surefire-plugin/xsd/surefire-test-report.xsd" name="TestSuite" time="0.979" tests="4" errors="0" skipped="0" failures="0">
  <properties>
[...]
</properties>
  <testcase name="createContactTest" classname="pack1.ContactTest" time="0.008"/>
  <testcase name="modifyContactTest" classname="pack1.ContactTest" time="0.001"/>
  <testcase name="createOrgTest" classname="pack2.OrgTest" time="0.007"/>
  <testcase name="modifyContactTest" classname="pack2.OrgTest" time="0.002"/>
</testsuite>